Determining if the pthread_create exist failed with the following output:
Change Dir: /work/build/CMakeFiles/CMakeTmp

Run Build Command:"/usr/bin/make" "cmTC_529c1/fast"
/usr/bin/make -f CMakeFiles/cmTC_529c1.dir/build.make CMakeFiles/cmTC_529c1.dir/build
make[1]: Entering directory '/work/build/CMakeFiles/CMakeTmp'
Building CXX object CMakeFiles/cmTC_529c1.dir/CheckSymbolExists.cxx.o
/usr/bin/c++    -std=gnu++1z -o CMakeFiles/cmTC_529c1.dir/CheckSymbolExists.cxx.o -c /work/build/CMakeFiles/CMakeTmp/CheckSymbolExists.cxx
Linking CXX executable cmTC_529c1
/usr/bin/cmake -E cmake_link_script CMakeFiles/cmTC_529c1.dir/link.txt --verbose=1
/usr/bin/c++       CMakeFiles/cmTC_529c1.dir/CheckSymbolExists.cxx.o  -o cmTC_529c1 
CMakeFiles/cmTC_529c1.dir/CheckSymbolExists.cxx.o: In function `main':
CheckSymbolExists.cxx:(.text+0x1b): undefined reference to `pthread_create'
collect2: error: ld returned 1 exit status
CMakeFiles/cmTC_529c1.dir/build.make:97: recipe for target 'cmTC_529c1' failed
make[1]: *** [cmTC_529c1] Error 1
make[1]: Leaving directory '/work/build/CMakeFiles/CMakeTmp'
Makefile:126: recipe for target 'cmTC_529c1/fast' failed
make: *** [cmTC_529c1/fast] Error 2

File /work/build/CMakeFiles/CMakeTmp/CheckSymbolExists.cxx:
/* */
#include <pthread.h>

int main(int argc, char** argv)
{
  (void)argv;
#ifndef pthread_create
  return ((int*)(&pthread_create))[argc];
#else
  (void)argc;
  return 0;
#endif
}

Determining if the function pthread_create exists in the pthreads failed with the following output:
Change Dir: /work/build/CMakeFiles/CMakeTmp

Run Build Command:"/usr/bin/make" "cmTC_66232/fast"
/usr/bin/make -f CMakeFiles/cmTC_66232.dir/build.make CMakeFiles/cmTC_66232.dir/build
make[1]: Entering directory '/work/build/CMakeFiles/CMakeTmp'
Building CXX object CMakeFiles/cmTC_66232.dir/CheckFunctionExists.cxx.o
/usr/bin/c++    -DCHECK_FUNCTION_EXISTS=pthread_create   -std=gnu++1z -o CMakeFiles/cmTC_66232.dir/CheckFunctionExists.cxx.o -c /work/build/CMakeFiles/CheckLibraryExists/CheckFunctionExists.cxx
Linking CXX executable cmTC_66232
/usr/bin/cmake -E cmake_link_script CMakeFiles/cmTC_66232.dir/link.txt --verbose=1
/usr/bin/c++   -DCHECK_FUNCTION_EXISTS=pthread_create    CMakeFiles/cmTC_66232.dir/CheckFunctionExists.cxx.o  -o cmTC_66232 -lpthreads 
/usr/bin/ld: cannot find -lpthreads
collect2: error: ld returned 1 exit status
CMakeFiles/cmTC_66232.dir/build.make:97: recipe for target 'cmTC_66232' failed
make[1]: *** [cmTC_66232] Error 1
make[1]: Leaving directory '/work/build/CMakeFiles/CMakeTmp'
Makefile:126: recipe for target 'cmTC_66232/fast' failed
make: *** [cmTC_66232/fast] Error 2


